<?xml version="1.0" encoding="UTF-8"?>
<!-- Generated by org.testng.reporters.JUnitReportReporter -->
<testsuite hostname="Rishi" failures="0" tests="3" name="demo.HomeTest3" time="0.008" errors="0" timestamp="2023-12-21T21:51:38 IST" skipped="0">
  <testcase classname="demo.HomeTest3" name="LogoutApp" time="0.004"/>
  <testcase classname="demo.HomeTest3" name="openBrowser" time="0.002"/>
  <testcase classname="demo.HomeTest3" name="LogonBrowser" time="0.002"/>
</testsuite> <!-- demo.HomeTest3 -->
