<?xml version="1.0" encoding="UTF-8"?>
<!-- Generated by org.testng.reporters.JUnitReportReporter -->
<testsuite hostname="Rishi" failures="0" tests="3" name="demo.LoginTest" time="0.007" errors="0" timestamp="2023-12-21T21:51:38 IST" skipped="0">
  <testcase classname="demo.LoginTest" name="LogoutApp" time="0.002"/>
  <testcase classname="demo.LoginTest" name="openBrowser" time="0.003"/>
  <testcase classname="demo.LoginTest" name="LogonBrowser" time="0.002"/>
</testsuite> <!-- demo.LoginTest -->
