<?xml version="1.0" encoding="UTF-8"?>
<!-- Generated by org.testng.reporters.JUnitReportReporter -->
<testsuite hostname="Rishi" failures="0" tests="3" name="demo.LoginTest2" time="8.240" errors="0" timestamp="2023-12-22T22:00:53 IST" skipped="0">
  <testcase classname="demo.LoginTest2" name="SetUp" time="5.922"/>
  <testcase classname="demo.LoginTest2" name="LogonApp" time="2.119"/>
  <testcase classname="demo.LoginTest2" name="VerifyTitle" time="0.199"/>
</testsuite> <!-- demo.LoginTest2 -->
