<?xml version="1.0" encoding="UTF-8"?>
<!-- Generated by org.testng.reporters.JUnitReportReporter -->
<testsuite hostname="Rishi" failures="0" tests="3" name="demo.LoginTest" time="0.002" errors="0" timestamp="2023-12-28T18:52:48 IST" skipped="0">
  <testcase classname="demo.LoginTest" name="LogoutApp" time="0.000"/>
  <testcase classname="demo.LoginTest" name="openBrowser" time="0.002"/>
  <testcase classname="demo.LoginTest" name="LogonBrowser" time="0.000"/>
</testsuite> <!-- demo.LoginTest -->
