<?xml version="1.0" encoding="UTF-8"?>
<!-- Generated by org.testng.reporters.JUnitReportReporter -->
<testsuite hostname="Rishi" failures="0" tests="3" name="demo.LoginTest2" time="11.044" errors="0" timestamp="2023-12-28T18:52:48 IST" skipped="0">
  <testcase classname="demo.LoginTest2" name="SetUp" time="7.603"/>
  <testcase classname="demo.LoginTest2" name="LogonApp" time="3.197"/>
  <testcase classname="demo.LoginTest2" name="VerifyTitle" time="0.244"/>
</testsuite> <!-- demo.LoginTest2 -->
